<?xml version="1.0" encoding="UTF-8"?>
<!-- Generated by org.testng.reporters.JUnitReportReporter -->
<testsuite hostname="SHOAS" failures="0" tests="1" name="maven_package.TestNG_Demo" time="0.008" errors="0" timestamp="2023-05-14T12:46:39 CDT" skipped="0">
  <testcase classname="maven_package.TestNG_Demo" name="jahan" time="0.008"/>
  <system-out/>
</testsuite> <!-- maven_package.TestNG_Demo -->
