<?xml version="1.0" encoding="UTF-8"?>
<!-- Generated by org.testng.reporters.JUnitReportReporter -->
<testsuite hostname="SHOAS" failures="0" tests="1" name="maven_package.SeleniumPrectice2" time="13.991" errors="0" timestamp="2023-05-20T12:29:48 CDT" skipped="0">
  <testcase classname="maven_package.SeleniumPrectice2" name="nexttech" time="13.991"/>
  <system-out/>
</testsuite> <!-- maven_package.SeleniumPrectice2 -->
