<?xml version="1.0" encoding="UTF-8"?>
<!-- Generated by org.testng.reporters.JUnitReportReporter -->
<testsuite hostname="SHOAS" failures="0" tests="1" name="maven_package.Dropdown_Demo" time="8.791" errors="0" timestamp="2023-05-21T11:41:36 CDT" skipped="0">
  <testcase classname="maven_package.Dropdown_Demo" name="drop" time="8.791"/>
  <system-out/>
</testsuite> <!-- maven_package.Dropdown_Demo -->
