<?xml version="1.0" encoding="UTF-8"?>
<!-- Generated by org.testng.reporters.JUnitReportReporter -->
<testsuite hostname="SHOAS" failures="0" tests="1" name="maven_package.Appert_demo" time="15.218" errors="0" timestamp="2023-05-21T12:11:11 CDT" skipped="0">
  <testcase classname="maven_package.Appert_demo" name="alertd" time="15.218"/>
  <system-out/>
</testsuite> <!-- maven_package.Appert_demo -->
