<?xml version="1.0" encoding="UTF-8"?>
<!-- Generated by org.testng.reporters.JUnitReportReporter -->
<testsuite hostname="SHOAS" failures="0" tests="1" name="maven_package.Window_Handle" time="18.808" errors="0" timestamp="2023-05-21T13:14:20 CDT" skipped="0">
  <testcase classname="maven_package.Window_Handle" name="windowhandle" time="18.808"/>
  <system-out/>
</testsuite> <!-- maven_package.Window_Handle -->
