<?xml version="1.0" encoding="UTF-8"?>
<!-- Generated by org.testng.reporters.JUnitReportReporter -->
<testsuite hostname="SHOAS" failures="0" tests="1" name="maven_package.mouse_Hover" time="16.790" errors="0" timestamp="2023-05-21T11:57:30 CDT" skipped="0">
  <testcase classname="maven_package.mouse_Hover" name="hover" time="16.790"/>
  <system-out/>
</testsuite> <!-- maven_package.mouse_Hover -->
