<?xml version="1.0" encoding="UTF-8"?>
<!-- Generated by org.testng.reporters.JUnitReportReporter -->
<testsuite hostname="SHOAS" failures="0" tests="1" name="maven_package.MyFirstAotomationScripts2" time="7.901" errors="0" timestamp="2023-05-14T13:58:18 CDT" skipped="0">
  <testcase classname="maven_package.MyFirstAotomationScripts2" name="tom" time="7.901"/>
  <system-out/>
</testsuite> <!-- maven_package.MyFirstAotomationScripts2 -->
