<?xml version="1.0" encoding="UTF-8"?>
<!-- Generated by org.testng.reporters.JUnitReportReporter -->
<testsuite hostname="SHOAS" failures="0" tests="1" name="maven_package.Scroll_demo" time="3.794" errors="0" timestamp="2023-05-21T12:48:02 CDT" skipped="0">
  <testcase classname="maven_package.Scroll_demo" name="scrooldown" time="3.794"/>
  <system-out/>
</testsuite> <!-- maven_package.Scroll_demo -->
